<?xml version="1.0" encoding="UTF-8"?>
<testng-results ignored="0" total="3" passed="3" failed="0" skipped="0">
  <reporter-output>
  </reporter-output>
  <suite started-at="2024-01-30T16:45:01 IST" name="Suite" finished-at="2024-01-30T16:45:20 IST" duration-ms="18751">
    <groups>
    </groups>
    <test started-at="2024-01-30T16:45:01 IST" name="Test1" finished-at="2024-01-30T16:45:13 IST" duration-ms="12274">
      <class name="devopsAssn.CrossBrowserTesting">
        <test-method signature="browserTest(java.lang.String)[pri:0, instance:devopsAssn.CrossBrowserTesting@be64738]" started-at="2024-01-30T16:45:01 IST" name="browserTest" finished-at="2024-01-30T16:45:13 IST" duration-ms="12207" status="PASS">
          <params>
            <param index="0">
              <value>
                <![CDATA[chrome]]>
              </value>
            </param>
          </params>
          <reporter-output>
          </reporter-output>
        </test-method> <!-- browserTest -->
      </class> <!-- devopsAssn.CrossBrowserTesting -->
    </test> <!-- Test1 -->
    <test started-at="2024-01-30T16:45:01 IST" name="Test3" finished-at="2024-01-30T16:45:15 IST" duration-ms="13720">
      <class name="devopsAssn.CrossBrowserTesting">
        <test-method signature="browserTest(java.lang.String)[pri:0, instance:devopsAssn.CrossBrowserTesting@2c767a52]" started-at="2024-01-30T16:45:01 IST" name="browserTest" finished-at="2024-01-30T16:45:15 IST" duration-ms="13661" status="PASS">
          <params>
            <param index="0">
              <value>
                <![CDATA[edge]]>
              </value>
            </param>
          </params>
          <reporter-output>
          </reporter-output>
        </test-method> <!-- browserTest -->
      </class> <!-- devopsAssn.CrossBrowserTesting -->
    </test> <!-- Test3 -->
    <test started-at="2024-01-30T16:45:01 IST" name="Test2" finished-at="2024-01-30T16:45:20 IST" duration-ms="18751">
      <class name="devopsAssn.CrossBrowserTesting">
        <test-method signature="browserTest(java.lang.String)[pri:0, instance:devopsAssn.CrossBrowserTesting@35ef1869]" started-at="2024-01-30T16:45:01 IST" name="browserTest" finished-at="2024-01-30T16:45:20 IST" duration-ms="18693" status="PASS">
          <params>
            <param index="0">
              <value>
                <![CDATA[firefox]]>
              </value>
            </param>
          </params>
          <reporter-output>
          </reporter-output>
        </test-method> <!-- browserTest -->
      </class> <!-- devopsAssn.CrossBrowserTesting -->
    </test> <!-- Test2 -->
  </suite> <!-- Suite -->
</testng-results>
