<?xml version="1.0" encoding="UTF-8"?>
<testng-results ignored="0" total="3" passed="3" failed="0" skipped="0">
  <reporter-output>
  </reporter-output>
  <suite started-at="2024-01-30T15:21:36 IST" name="Suite" finished-at="2024-01-30T15:22:04 IST" duration-ms="28434">
    <groups>
    </groups>
    <test started-at="2024-01-30T15:21:36 IST" name="Test1" finished-at="2024-01-30T15:21:47 IST" duration-ms="11014">
      <class name="devopsAssn.CrossBrowserTesting">
        <test-method signature="browserTest(java.lang.String)[pri:0, instance:devopsAssn.CrossBrowserTesting@21282ed8]" started-at="2024-01-30T15:21:36 IST" name="browserTest" finished-at="2024-01-30T15:21:47 IST" duration-ms="10953" status="PASS">
          <params>
            <param index="0">
              <value>
                <![CDATA[chrome]]>
              </value>
            </param>
          </params>
          <reporter-output>
          </reporter-output>
        </test-method> <!-- browserTest -->
      </class> <!-- devopsAssn.CrossBrowserTesting -->
    </test> <!-- Test1 -->
    <test started-at="2024-01-30T15:21:36 IST" name="Test3" finished-at="2024-01-30T15:21:49 IST" duration-ms="13188">
      <class name="devopsAssn.CrossBrowserTesting">
        <test-method signature="browserTest(java.lang.String)[pri:0, instance:devopsAssn.CrossBrowserTesting@750e2b97]" started-at="2024-01-30T15:21:36 IST" name="browserTest" finished-at="2024-01-30T15:21:49 IST" duration-ms="13132" status="PASS">
          <params>
            <param index="0">
              <value>
                <![CDATA[edge]]>
              </value>
            </param>
          </params>
          <reporter-output>
          </reporter-output>
        </test-method> <!-- browserTest -->
      </class> <!-- devopsAssn.CrossBrowserTesting -->
    </test> <!-- Test3 -->
    <test started-at="2024-01-30T15:21:36 IST" name="Test2" finished-at="2024-01-30T15:22:04 IST" duration-ms="28434">
      <class name="devopsAssn.CrossBrowserTesting">
        <test-method signature="browserTest(java.lang.String)[pri:0, instance:devopsAssn.CrossBrowserTesting@2892d68]" started-at="2024-01-30T15:21:36 IST" name="browserTest" finished-at="2024-01-30T15:22:04 IST" duration-ms="28377" status="PASS">
          <params>
            <param index="0">
              <value>
                <![CDATA[firefox]]>
              </value>
            </param>
          </params>
          <reporter-output>
          </reporter-output>
        </test-method> <!-- browserTest -->
      </class> <!-- devopsAssn.CrossBrowserTesting -->
    </test> <!-- Test2 -->
  </suite> <!-- Suite -->
</testng-results>
